<?xml version="1.0" encoding="UTF-8"?>
<testng-results ignored="0" total="1" passed="1" failed="0" skipped="0">
  <reporter-output>
    <line>
      <![CDATA[YOLO(You only live once)]]>
    </line>
  </reporter-output>
  <suite started-at="2022-06-23T18:51:01 IST" name="Default suite" finished-at="2022-06-23T18:51:09 IST" duration-ms="7606">
    <groups>
    </groups>
    <test started-at="2022-06-23T18:51:01 IST" name="Default test" finished-at="2022-06-23T18:51:09 IST" duration-ms="7606">
      <class name="TestNG.Example1">
        <test-method signature="Test1()[pri:0, instance:TestNG.Example1@7e7be63f]" started-at="2022-06-23T18:51:01 IST" name="Test1" finished-at="2022-06-23T18:51:09 IST" duration-ms="7533" status="PASS">
          <reporter-output>
            <line>
              <![CDATA[YOLO(You only live once)]]>
            </line>
          </reporter-output>
        </test-method> <!-- Test1 -->
      </class> <!-- TestNG.Example1 -->
    </test> <!-- Default test -->
  </suite> <!-- Default suite -->
</testng-results>
